  AssetManager.cpp
C:\Users\Sebastian.Akerlund\Desktop\AssTearoids-main\BirchEngine - Textures\BirchEngine\Src\ECS\TransformComponent.h(76,26): warning C4244: '=': conversion from 'double' to 'float', possible loss of data
C:\Users\Sebastian.Akerlund\Desktop\AssTearoids-main\BirchEngine - Textures\BirchEngine\Src\ECS\TransformComponent.h(77,26): warning C4244: '=': conversion from 'double' to 'float', possible loss of data
C:\Users\Sebastian.Akerlund\Desktop\AssTearoids-main\BirchEngine - Textures\BirchEngine\Src\ECS\TileComponent.h(28,16): warning C4244: '=': conversion from 'int' to 'float', possible loss of data
C:\Users\Sebastian.Akerlund\Desktop\AssTearoids-main\BirchEngine - Textures\BirchEngine\Src\ECS\TileComponent.h(29,16): warning C4244: '=': conversion from 'int' to 'float', possible loss of data
C:\Users\Sebastian.Akerlund\Desktop\AssTearoids-main\BirchEngine - Textures\BirchEngine\Src\ECS\TileComponent.h(43,24): warning C4244: '=': conversion from 'float' to 'int', possible loss of data
C:\Users\Sebastian.Akerlund\Desktop\AssTearoids-main\BirchEngine - Textures\BirchEngine\Src\ECS\TileComponent.h(44,24): warning C4244: '=': conversion from 'float' to 'int', possible loss of data
  Collision.cpp
C:\Users\Sebastian.Akerlund\Desktop\AssTearoids-main\BirchEngine - Textures\BirchEngine\Src\ECS\TransformComponent.h(76,26): warning C4244: '=': conversion from 'double' to 'float', possible loss of data
C:\Users\Sebastian.Akerlund\Desktop\AssTearoids-main\BirchEngine - Textures\BirchEngine\Src\ECS\TransformComponent.h(77,26): warning C4244: '=': conversion from 'double' to 'float', possible loss of data
C:\Users\Sebastian.Akerlund\Desktop\AssTearoids-main\BirchEngine - Textures\BirchEngine\Src\ECS\TileComponent.h(28,16): warning C4244: '=': conversion from 'int' to 'float', possible loss of data
C:\Users\Sebastian.Akerlund\Desktop\AssTearoids-main\BirchEngine - Textures\BirchEngine\Src\ECS\TileComponent.h(29,16): warning C4244: '=': conversion from 'int' to 'float', possible loss of data
C:\Users\Sebastian.Akerlund\Desktop\AssTearoids-main\BirchEngine - Textures\BirchEngine\Src\ECS\TileComponent.h(43,24): warning C4244: '=': conversion from 'float' to 'int', possible loss of data
C:\Users\Sebastian.Akerlund\Desktop\AssTearoids-main\BirchEngine - Textures\BirchEngine\Src\ECS\TileComponent.h(44,24): warning C4244: '=': conversion from 'float' to 'int', possible loss of data
  Game.cpp
C:\Users\Sebastian.Akerlund\Desktop\AssTearoids-main\BirchEngine - Textures\BirchEngine\Src\ECS\TransformComponent.h(76,26): warning C4244: '=': conversion from 'double' to 'float', possible loss of data
C:\Users\Sebastian.Akerlund\Desktop\AssTearoids-main\BirchEngine - Textures\BirchEngine\Src\ECS\TransformComponent.h(77,26): warning C4244: '=': conversion from 'double' to 'float', possible loss of data
C:\Users\Sebastian.Akerlund\Desktop\AssTearoids-main\BirchEngine - Textures\BirchEngine\Src\ECS\TileComponent.h(28,16): warning C4244: '=': conversion from 'int' to 'float', possible loss of data
C:\Users\Sebastian.Akerlund\Desktop\AssTearoids-main\BirchEngine - Textures\BirchEngine\Src\ECS\TileComponent.h(29,16): warning C4244: '=': conversion from 'int' to 'float', possible loss of data
C:\Users\Sebastian.Akerlund\Desktop\AssTearoids-main\BirchEngine - Textures\BirchEngine\Src\ECS\TileComponent.h(43,24): warning C4244: '=': conversion from 'float' to 'int', possible loss of data
C:\Users\Sebastian.Akerlund\Desktop\AssTearoids-main\BirchEngine - Textures\BirchEngine\Src\ECS\TileComponent.h(44,24): warning C4244: '=': conversion from 'float' to 'int', possible loss of data
C:\Users\Sebastian.Akerlund\Desktop\AssTearoids-main\BirchEngine - Textures\BirchEngine\Src\ECS\ECS.h(97,33): warning C4244: 'argument': conversion from '_Ty' to 'float', possible loss of data
          with
          [
              _Ty=int
          ]
C:\Users\Sebastian.Akerlund\Desktop\AssTearoids-main\BirchEngine - Textures\BirchEngine\Src\Game.cpp(63): message : see reference to function template instantiation 'T &Entity::addComponent<TransformComponent,int,int,int,int,int>(int &&,int &&,int &&,int &&,int &&)' being compiled
          with
          [
              T=TransformComponent
          ]
  main.cpp
  Map.cpp
C:\Users\Sebastian.Akerlund\Desktop\AssTearoids-main\BirchEngine - Textures\BirchEngine\Src\ECS\TransformComponent.h(76,26): warning C4244: '=': conversion from 'double' to 'float', possible loss of data
C:\Users\Sebastian.Akerlund\Desktop\AssTearoids-main\BirchEngine - Textures\BirchEngine\Src\ECS\TransformComponent.h(77,26): warning C4244: '=': conversion from 'double' to 'float', possible loss of data
C:\Users\Sebastian.Akerlund\Desktop\AssTearoids-main\BirchEngine - Textures\BirchEngine\Src\ECS\TileComponent.h(28,16): warning C4244: '=': conversion from 'int' to 'float', possible loss of data
C:\Users\Sebastian.Akerlund\Desktop\AssTearoids-main\BirchEngine - Textures\BirchEngine\Src\ECS\TileComponent.h(29,16): warning C4244: '=': conversion from 'int' to 'float', possible loss of data
C:\Users\Sebastian.Akerlund\Desktop\AssTearoids-main\BirchEngine - Textures\BirchEngine\Src\ECS\TileComponent.h(43,24): warning C4244: '=': conversion from 'float' to 'int', possible loss of data
C:\Users\Sebastian.Akerlund\Desktop\AssTearoids-main\BirchEngine - Textures\BirchEngine\Src\ECS\TileComponent.h(44,24): warning C4244: '=': conversion from 'float' to 'int', possible loss of data
  TextureManager.cpp
  Vector2D.cpp
  Generating Code...
  BirchEngine.vcxproj -> C:\Users\Sebastian.Akerlund\Desktop\AssTearoids-main\BirchEngine - Textures\bin\x64\Debug\BirchEngine.exe
