c:\githubspace\asstearoids\birchengine - textures\bin\intermediates\win32\debug\vc142.pdb
c:\githubspace\asstearoids\birchengine - textures\bin\intermediates\win32\debug\vc142.idb
c:\githubspace\asstearoids\birchengine - textures\bin\intermediates\win32\debug\vector2d.obj
c:\githubspace\asstearoids\birchengine - textures\bin\intermediates\win32\debug\texturemanager.obj
c:\githubspace\asstearoids\birchengine - textures\bin\intermediates\win32\debug\map.obj
c:\githubspace\asstearoids\birchengine - textures\bin\intermediates\win32\debug\main.obj
c:\githubspace\asstearoids\birchengine - textures\bin\intermediates\win32\debug\game.obj
c:\githubspace\asstearoids\birchengine - textures\bin\intermediates\win32\debug\ecs.obj
c:\githubspace\asstearoids\birchengine - textures\bin\intermediates\win32\debug\collision.obj
c:\githubspace\asstearoids\birchengine - textures\bin\intermediates\win32\debug\assetmanager.obj
c:\githubspace\asstearoids\birchengine - textures\bin\win32\debug\birchengine.exe
c:\githubspace\asstearoids\birchengine - textures\bin\win32\debug\birchengine.ilk
c:\githubspace\asstearoids\birchengine - textures\bin\win32\debug\birchengine.pdb
c:\githubspace\asstearoids\birchengine - textures\bin\intermediates\win32\debug\assetmanager.obj.enc
c:\githubspace\asstearoids\birchengine - textures\bin\intermediates\win32\debug\collision.obj.enc
c:\githubspace\asstearoids\birchengine - textures\bin\intermediates\win32\debug\game.obj.enc
c:\githubspace\asstearoids\birchengine - textures\bin\intermediates\win32\debug\map.obj.enc
c:\githubspace\asstearoids\birchengine - textures\bin\intermediates\win32\debug\birchengine.tlog\cl.command.1.tlog
c:\githubspace\asstearoids\birchengine - textures\bin\intermediates\win32\debug\birchengine.tlog\cl.read.1.tlog
c:\githubspace\asstearoids\birchengine - textures\bin\intermediates\win32\debug\birchengine.tlog\cl.write.1.tlog
c:\githubspace\asstearoids\birchengine - textures\bin\intermediates\win32\debug\birchengine.tlog\link.command.1.tlog
c:\githubspace\asstearoids\birchengine - textures\bin\intermediates\win32\debug\birchengine.tlog\link.read.1.tlog
c:\githubspace\asstearoids\birchengine - textures\bin\intermediates\win32\debug\birchengine.tlog\link.write.1.tlog
