  Game.cpp
C:\Users\Sebastian.Akerlund\Desktop\AssTearoids-main\BirchEngine - Textures\BirchEngine\Src\ECS\TransformComponent.h(85,53): warning C4244: 'return': conversion from 'double' to 'float', possible loss of data
C:\Users\Sebastian.Akerlund\Desktop\AssTearoids-main\BirchEngine - Textures\BirchEngine\Src\ECS\TileComponent.h(28,16): warning C4244: '=': conversion from 'int' to 'float', possible loss of data
C:\Users\Sebastian.Akerlund\Desktop\AssTearoids-main\BirchEngine - Textures\BirchEngine\Src\ECS\TileComponent.h(29,16): warning C4244: '=': conversion from 'int' to 'float', possible loss of data
C:\Users\Sebastian.Akerlund\Desktop\AssTearoids-main\BirchEngine - Textures\BirchEngine\Src\ECS\TileComponent.h(43,24): warning C4244: '=': conversion from 'float' to 'int', possible loss of data
C:\Users\Sebastian.Akerlund\Desktop\AssTearoids-main\BirchEngine - Textures\BirchEngine\Src\ECS\TileComponent.h(44,24): warning C4244: '=': conversion from 'float' to 'int', possible loss of data
C:\Users\Sebastian.Akerlund\Desktop\AssTearoids-main\BirchEngine - Textures\BirchEngine\Src\ECS\ECS.h(97,33): warning C4244: 'argument': conversion from '_Ty' to 'float', possible loss of data
          with
          [
              _Ty=int
          ]
C:\Users\Sebastian.Akerlund\Desktop\AssTearoids-main\BirchEngine - Textures\BirchEngine\Src\Game.cpp(64): message : see reference to function template instantiation 'T &Entity::addComponent<TransformComponent,int,int,int,int,int>(int &&,int &&,int &&,int &&,int &&)' being compiled
          with
          [
              T=TransformComponent
          ]
  Map.cpp
C:\Users\Sebastian.Akerlund\Desktop\AssTearoids-main\BirchEngine - Textures\BirchEngine\Src\ECS\TransformComponent.h(85,53): warning C4244: 'return': conversion from 'double' to 'float', possible loss of data
C:\Users\Sebastian.Akerlund\Desktop\AssTearoids-main\BirchEngine - Textures\BirchEngine\Src\ECS\TileComponent.h(28,16): warning C4244: '=': conversion from 'int' to 'float', possible loss of data
C:\Users\Sebastian.Akerlund\Desktop\AssTearoids-main\BirchEngine - Textures\BirchEngine\Src\ECS\TileComponent.h(29,16): warning C4244: '=': conversion from 'int' to 'float', possible loss of data
C:\Users\Sebastian.Akerlund\Desktop\AssTearoids-main\BirchEngine - Textures\BirchEngine\Src\ECS\TileComponent.h(43,24): warning C4244: '=': conversion from 'float' to 'int', possible loss of data
C:\Users\Sebastian.Akerlund\Desktop\AssTearoids-main\BirchEngine - Textures\BirchEngine\Src\ECS\TileComponent.h(44,24): warning C4244: '=': conversion from 'float' to 'int', possible loss of data
  Generating Code...
  BirchEngine.vcxproj -> C:\Users\Sebastian.Akerlund\Desktop\AssTearoids-main\BirchEngine - Textures\bin\Win32\Debug\BirchEngine.exe
